{
  "stats": {
    "suites": 1,
    "tests": 1,
    "passes": 1,
    "pending": 0,
    "failures": 0,
    "start": "2024-12-16T12:30:20.878Z",
    "end": "2024-12-16T12:30:25.487Z",
    "duration": 4609,
    "testsRegistered": 1,
    "passPercent": 100,
    "pendingPercent": 0,
    "other": 0,
    "hasOther": false,
    "skipped": 0,
    "hasSkipped": false
  },
  "results": [
    {
      "uuid": "cac1ab40-7944-4b6f-9595-82bc03236d40",
      "title": "",
      "fullFile": "cypress\\e2e\\CoffeeCart_Page.cy.js",
      "file": "cypress\\e2e\\CoffeeCart_Page.cy.js",
      "beforeHooks": [],
      "afterHooks": [],
      "tests": [],
      "suites": [
        {
          "uuid": "a2350711-5c36-4671-ac2c-4231339e6e68",
          "title": "Coffee Cart Task Automation",
          "fullFile": "",
          "file": "",
          "beforeHooks": [],
          "afterHooks": [],
          "tests": [
            {
              "title": "Add Items to Cart & Verify the Cart is updated",
              "fullTitle": "Coffee Cart Task Automation Add Items to Cart & Verify the Cart is updated",
              "timedOut": null,
              "duration": 2146,
              "state": "passed",
              "speed": "fast",
              "pass": true,
              "fail": false,
              "pending": false,
              "context": null,
              "code": "//Verify Mocha is available & Add it to the Cart\ncoffeeCartActions_obj.addMochaToCart();\n//Verify Mocha is Added to the Cart & Item count in the Cart is 1\ncoffeeCartActions_obj.verifyItemCountInCart(1);\n//Verify Americano is available & Add it to the Cart\ncoffeeCartActions_obj.addAmericanoToCart();\n//Verify that Americano is added to the cart - the count of the cart shows 2\ncoffeeCartActions_obj.verifyItemCountInCart(2);\n//Verify upon clicking Total, the app shows Payment details pop up\ncoffeeCartActions_obj.verifyPaymentDetails();\n//Mouse Hover on the Total & verify the items added to the cart are displayed correctly\ncoffeeCartActions_obj.verifyMouseHover();\n//From the Item details, increase the Mount Count by 1 using + button \ncoffeeCartActions_obj.addMochafromMouseHover();\n//Add 3 Expresso to the Cart\ncoffeeCartActions_obj.addEspressoToCart();\n//Verify that Espresso is added to the cart - the count of the cart shows 6\ncoffeeCartActions_obj.verifyItemCountInCart(6);\n//Verify the promo text is displayed & click on \"Yes, Of Course\" button in the promo\ncoffeeCartActions_obj.verifyAndAcceptPromo();\n//Verify that Mocha is added to the cart - now, the count of the cart shows 7\ncoffeeCartActions_obj.verifyItemCountInCart(7);",
              "err": {},
              "uuid": "4b8186ad-f9bd-460a-b79d-5b9884266031",
              "parentUUID": "a2350711-5c36-4671-ac2c-4231339e6e68",
              "isHook": false,
              "skipped": false
            }
          ],
          "suites": [],
          "passes": [
            "4b8186ad-f9bd-460a-b79d-5b9884266031"
          ],
          "failures": [],
          "pending": [],
          "skipped": [],
          "duration": 2146,
          "root": false,
          "rootEmpty": false,
          "_timeout": 2000
        }
      ],
      "passes": [],
      "failures": [],
      "pending": [],
      "skipped": [],
      "duration": 0,
      "root": true,
      "rootEmpty": true,
      "_timeout": 2000
    }
  ],
  "meta": {
    "mocha": {
      "version": "7.0.1"
    },
    "mochawesome": {
      "options": {
        "quiet": false,
        "reportFilename": "mochawesome",
        "saveHtml": false,
        "saveJson": true,
        "consoleReporter": "spec",
        "useInlineDiffs": false,
        "code": true
      },
      "version": "7.1.3"
    },
    "marge": {
      "options": {
        "charts": true,
        "reportPageTitle": "custom-title",
        "embeddedScreenshots": true,
        "inlineAssets": true,
        "saveAllAttempts": false,
        "overwrite": false,
        "html": false,
        "json": true,
        "reportDir": "cypress\\reports\\html\\.jsons"
      },
      "version": "6.2.0"
    }
  }
}